This is pdfTeX, Version 3.141592653-2.6-1.40.25 (MiKTeX 23.9.24) (preloaded format=pdflatex 2023.10.5)  20 OCT 2023 12:34
entering extended mode
 restricted \write18 enabled.
 file:line:error style messages enabled.
 %&-line parsing enabled.
**c:/Users/jrodg85/Documents/TFM-ANALISIS-FORENSE/TFM-ANALISIS-FORENSE/main.tex
(c:/Users/jrodg85/Documents/TFM-ANALISIS-FORENSE/TFM-ANALISIS-FORENSE/main.tex
LaTeX2e <2023-06-01> patch level 1
L3 programming layer <2023-08-29>
(C:\Program Files\MiKTeX\tex/latex/base\report.cls
Document Class: report 2023/05/17 v1.4n Standard LaTeX document class
(C:\Program Files\MiKTeX\tex/latex/base\size12.clo
File: size12.clo 2023/05/17 v1.4n Standard LaTeX file (size option)
)
\c@part=\count185
\c@chapter=\count186
\c@section=\count187
\c@subsection=\count188
\c@subsubsection=\count189
\c@paragraph=\count190
\c@subparagraph=\count191
\c@figure=\count192
\c@table=\count193
\abovecaptionskip=\skip48
\belowcaptionskip=\skip49
\bibindent=\dimen140
) (C:\Program Files\MiKTeX\tex/latex/base\inputenc.sty
Package: inputenc 2021/02/14 v1.3d Input encoding file
\inpenc@prehook=\toks17
\inpenc@posthook=\toks18
) (C:\Program Files\MiKTeX\tex/latex/base\fontenc.sty
Package: fontenc 2021/04/29 v2.0v Standard LaTeX package
) (C:\Program Files\MiKTeX\tex/generic/babel\babel.sty
Package: babel 2023/09/29 v3.95 The Babel package
\babel@savecnt=\count194
\U@D=\dimen141
\l@unhyphenated=\language79
 (C:\Program Files\MiKTeX\tex/generic/babel\txtbabel.def)
\bbl@readstream=\read2
\bbl@dirlevel=\count195

*************************************
* Local config file bblopts.cfg used
*
(C:\Program Files\MiKTeX\tex/latex/arabi\bblopts.cfg
File: bblopts.cfg 2005/09/08 v0.1 add Arabic and Farsi to "declared" options of babel
) (C:\Program Files\MiKTeX\tex/latex/babel-spanish\spanish.ldf
Language: spanish.ldf 2021/05/27 v5.0q Spanish support from the babel system
\es@quottoks=\toks19
\es@quotdepth=\count196
Package babel Info: Making " an active character on input line 570.
Package babel Info: Making . an active character on input line 675.
Package babel Info: Making < an active character on input line 722.
Package babel Info: Making > an active character on input line 722.
)) (C:\Program Files\MiKTeX\tex/generic/babel/locale/es\babel-spanish.tex
Package babel Info: Importing font and identification data for spanish
(babel)             from babel-es.ini. Reported on input line 11.
) (C:\Program Files\MiKTeX\tex/latex/graphics\graphicx.sty
Package: graphicx 2021/09/16 v1.2d Enhanced LaTeX Graphics (DPC,SPQR)
 (C:\Program Files\MiKTeX\tex/latex/graphics\keyval.sty
Package: keyval 2022/05/29 v1.15 key=value parser (DPC)
\KV@toks@=\toks20
) (C:\Program Files\MiKTeX\tex/latex/graphics\graphics.sty
Package: graphics 2022/03/10 v1.4e Standard LaTeX Graphics (DPC,SPQR)
 (C:\Program Files\MiKTeX\tex/latex/graphics\trig.sty
Package: trig 2021/08/11 v1.11 sin cos tan (DPC)
) (C:\Program Files\MiKTeX\tex/latex/graphics-cfg\graphics.cfg
File: graphics.cfg 2016/06/04 v1.11 sample graphics configuration
)
Package graphics Info: Driver file: pdftex.def on input line 107.
 (C:\Program Files\MiKTeX\tex/latex/graphics-def\pdftex.def
File: pdftex.def 2022/09/22 v1.2b Graphics/color driver for pdftex
))
\Gin@req@height=\dimen142
\Gin@req@width=\dimen143
) (C:\Program Files\MiKTeX\tex/latex/lipsum\lipsum.sty (C:\Program Files\MiKTeX\tex/latex/l3packages/l3keys2e\l3keys2e.sty (C:\Program Files\MiKTeX\tex/latex/l3kernel\expl3.sty
Package: expl3 2023-08-29 L3 programming layer (loader) 
 (C:\Program Files\MiKTeX\tex/latex/l3backend\l3backend-pdftex.def
File: l3backend-pdftex.def 2023-04-19 L3 backend support: PDF output (pdfTeX)
\l__color_backend_stack_int=\count197
\l__pdf_internal_box=\box51
))
Package: l3keys2e 2023-08-29 LaTeX2e option processing using LaTeX3 keys
)
Package: lipsum 2021-09-20 v2.7 150 paragraphs of Lorem Ipsum dummy text
\g__lipsum_par_int=\count198
\l__lipsum_a_int=\count199
\l__lipsum_b_int=\count266
 (C:\Program Files\MiKTeX\tex/latex/lipsum\lipsum.ltd.tex)) (C:\Program Files\MiKTeX\tex/latex/cite\cite.sty
LaTeX Info: Redefining \cite on input line 302.
LaTeX Info: Redefining \nocite on input line 332.
Package: cite 2015/02/27  v 5.5
) (C:\Program Files\MiKTeX\tex/latex/enumitem\enumitem.sty
Package: enumitem 2019/06/20 v3.9 Customized lists
\labelindent=\skip50
\enit@outerparindent=\dimen144
\enit@toks=\toks21
\enit@inbox=\box52
\enit@count@id=\count267
\enitdp@description=\count268
) (C:\Program Files\MiKTeX\tex/latex/fancyhdr\fancyhdr.sty
Package: fancyhdr 2022/11/09 v4.1 Extensive control of page headers and footers
\f@nch@headwidth=\skip51
\f@nch@O@elh=\skip52
\f@nch@O@erh=\skip53
\f@nch@O@olh=\skip54
\f@nch@O@orh=\skip55
\f@nch@O@elf=\skip56
\f@nch@O@erf=\skip57
\f@nch@O@olf=\skip58
\f@nch@O@orf=\skip59
) (C:\Program Files\MiKTeX\tex/latex/geometry\geometry.sty
Package: geometry 2020/01/02 v5.9 Page Geometry
 (C:\Program Files\MiKTeX\tex/generic/iftex\ifvtex.sty
Package: ifvtex 2019/10/25 v1.7 ifvtex legacy package. Use iftex instead.
 (C:\Program Files\MiKTeX\tex/generic/iftex\iftex.sty
Package: iftex 2022/02/03 v1.0f TeX engine tests
))
\Gm@cnth=\count269
\Gm@cntv=\count270
\c@Gm@tempcnt=\count271
\Gm@bindingoffset=\dimen145
\Gm@wd@mp=\dimen146
\Gm@odd@mp=\dimen147
\Gm@even@mp=\dimen148
\Gm@layoutwidth=\dimen149
\Gm@layoutheight=\dimen150
\Gm@layouthoffset=\dimen151
\Gm@layoutvoffset=\dimen152
\Gm@dimlist=\toks22
 (C:\Program Files\MiKTeX\tex/latex/geometry\geometry.cfg)) (C:\Program Files\MiKTeX\tex/latex/hyperref\hyperref.sty
Package: hyperref 2023-07-08 v7.01b Hypertext links for LaTeX
 (C:\Program Files\MiKTeX\tex/generic/ltxcmds\ltxcmds.sty
Package: ltxcmds 2020-05-10 v1.25 LaTeX kernel commands for general use (HO)
) (C:\Program Files\MiKTeX\tex/generic/pdftexcmds\pdftexcmds.sty
Package: pdftexcmds 2020-06-27 v0.33 Utility functions of pdfTeX for LuaTeX (HO)
 (C:\Program Files\MiKTeX\tex/generic/infwarerr\infwarerr.sty
Package: infwarerr 2019/12/03 v1.5 Providing info/warning/error messages (HO)
)
Package pdftexcmds Info: \pdf@primitive is available.
Package pdftexcmds Info: \pdf@ifprimitive is available.
Package pdftexcmds Info: \pdfdraftmode found.
) (C:\Program Files\MiKTeX\tex/latex/kvsetkeys\kvsetkeys.sty
Package: kvsetkeys 2022-10-05 v1.19 Key value parser (HO)
) (C:\Program Files\MiKTeX\tex/generic/kvdefinekeys\kvdefinekeys.sty
Package: kvdefinekeys 2019-12-19 v1.6 Define keys (HO)
) (C:\Program Files\MiKTeX\tex/generic/pdfescape\pdfescape.sty
Package: pdfescape 2019/12/09 v1.15 Implements pdfTeX's escape features (HO)
) (C:\Program Files\MiKTeX\tex/latex/hycolor\hycolor.sty
Package: hycolor 2020-01-27 v1.10 Color options for hyperref/bookmark (HO)
) (C:\Program Files\MiKTeX\tex/latex/letltxmacro\letltxmacro.sty
Package: letltxmacro 2019/12/03 v1.6 Let assignment for LaTeX macros (HO)
) (C:\Program Files\MiKTeX\tex/latex/auxhook\auxhook.sty
Package: auxhook 2019-12-17 v1.6 Hooks for auxiliary files (HO)
) (C:\Program Files\MiKTeX\tex/latex/hyperref\nameref.sty
Package: nameref 2023-08-07 v2.53 Cross-referencing by name of section
 (C:\Program Files\MiKTeX\tex/latex/refcount\refcount.sty
Package: refcount 2019/12/15 v3.6 Data extraction from label references (HO)
) (C:\Program Files\MiKTeX\tex/generic/gettitlestring\gettitlestring.sty
Package: gettitlestring 2019/12/15 v1.6 Cleanup title references (HO)
 (C:\Program Files\MiKTeX\tex/latex/kvoptions\kvoptions.sty
Package: kvoptions 2022-06-15 v3.15 Key value format for package options (HO)
))
\c@section@level=\count272
) (C:\Program Files\MiKTeX\tex/latex/etoolbox\etoolbox.sty
Package: etoolbox 2020/10/05 v2.5k e-TeX tools for LaTeX (JAW)
\etb@tempcnta=\count273
)
\@linkdim=\dimen153
\Hy@linkcounter=\count274
\Hy@pagecounter=\count275
 (C:\Program Files\MiKTeX\tex/latex/hyperref\pd1enc.def
File: pd1enc.def 2023-07-08 v7.01b Hyperref: PDFDocEncoding definition (HO)
Now handling font encoding PD1 ...
... no UTF-8 mapping file for font encoding PD1
) (C:\Program Files\MiKTeX\tex/generic/intcalc\intcalc.sty
Package: intcalc 2019/12/15 v1.3 Expandable calculations with integers (HO)
)
\Hy@SavedSpaceFactor=\count276
 (C:\Program Files\MiKTeX\tex/latex/hyperref\puenc.def
File: puenc.def 2023-07-08 v7.01b Hyperref: PDF Unicode definition (HO)
Now handling font encoding PU ...
... no UTF-8 mapping file for font encoding PU
)
Package hyperref Info: Hyper figures OFF on input line 4167.
Package hyperref Info: Link nesting OFF on input line 4172.
Package hyperref Info: Hyper index ON on input line 4175.
Package hyperref Info: Plain pages OFF on input line 4182.
Package hyperref Info: Backreferencing OFF on input line 4187.
Package hyperref Info: Implicit mode ON; LaTeX internals redefined.
Package hyperref Info: Bookmarks ON on input line 4434.
\c@Hy@tempcnt=\count277
 (C:\Program Files\MiKTeX\tex/latex/url\url.sty
\Urlmuskip=\muskip16
Package: url 2013/09/16  ver 3.4  Verb mode for urls, etc.
)
LaTeX Info: Redefining \url on input line 4772.
\XeTeXLinkMargin=\dimen154
 (C:\Program Files\MiKTeX\tex/generic/bitset\bitset.sty
Package: bitset 2019/12/09 v1.3 Handle bit-vector datatype (HO)
 (C:\Program Files\MiKTeX\tex/generic/bigintcalc\bigintcalc.sty
Package: bigintcalc 2019/12/15 v1.5 Expandable calculations on big integers (HO)
))
\Fld@menulength=\count278
\Field@Width=\dimen155
\Fld@charsize=\dimen156
Package hyperref Info: Hyper figures OFF on input line 6051.
Package hyperref Info: Link nesting OFF on input line 6056.
Package hyperref Info: Hyper index ON on input line 6059.
Package hyperref Info: backreferencing OFF on input line 6066.
Package hyperref Info: Link coloring OFF on input line 6071.
Package hyperref Info: Link coloring with OCG OFF on input line 6076.
Package hyperref Info: PDF/A mode OFF on input line 6081.
 (C:\Program Files\MiKTeX\tex/latex/base\atbegshi-ltx.sty
Package: atbegshi-ltx 2021/01/10 v1.0c Emulation of the original atbegshi
package with kernel methods
)
\Hy@abspage=\count279
\c@Item=\count280
\c@Hfootnote=\count281
)
Package hyperref Info: Driver (autodetected): hpdftex.
 (C:\Program Files\MiKTeX\tex/latex/hyperref\hpdftex.def
File: hpdftex.def 2023-07-08 v7.01b Hyperref driver for pdfTeX
 (C:\Program Files\MiKTeX\tex/latex/base\atveryend-ltx.sty
Package: atveryend-ltx 2020/08/19 v1.0a Emulation of the original atveryend package
with kernel methods
)
\Fld@listcount=\count282
\c@bookmark@seq@number=\count283
 (C:\Program Files\MiKTeX\tex/latex/rerunfilecheck\rerunfilecheck.sty
Package: rerunfilecheck 2022-07-10 v1.10 Rerun checks for auxiliary files (HO)
 (C:\Program Files\MiKTeX\tex/generic/uniquecounter\uniquecounter.sty
Package: uniquecounter 2019/12/15 v1.4 Provide unlimited unique counter (HO)
)
Package uniquecounter Info: New unique counter `rerunfilecheck' on input line 285.
)
\Hy@SectionHShift=\skip60
) (C:\Program Files\MiKTeX\tex/latex/xcolor\xcolor.sty
Package: xcolor 2022/06/12 v2.14 LaTeX color extensions (UK)
 (C:\Program Files\MiKTeX\tex/latex/graphics-cfg\color.cfg
File: color.cfg 2016/01/02 v1.6 sample color configuration
)
Package xcolor Info: Driver file: pdftex.def on input line 227.
 (C:\Program Files\MiKTeX\tex/latex/graphics\mathcolor.ltx)
Package xcolor Info: Model `cmy' substituted by `cmy0' on input line 1353.
Package xcolor Info: Model `hsb' substituted by `rgb' on input line 1357.
Package xcolor Info: Model `RGB' extended on input line 1369.
Package xcolor Info: Model `HTML' substituted by `rgb' on input line 1371.
Package xcolor Info: Model `Hsb' substituted by `hsb' on input line 1372.
Package xcolor Info: Model `tHsb' substituted by `hsb' on input line 1373.
Package xcolor Info: Model `HSB' substituted by `hsb' on input line 1374.
Package xcolor Info: Model `Gray' substituted by `gray' on input line 1375.
Package xcolor Info: Model `wave' substituted by `hsb' on input line 1376.
) (C:\Program Files\MiKTeX\tex/latex/natbib\natbib.sty
Package: natbib 2010/09/13 8.31b (PWD, AO)


Package natbib Warning: The `cite' package should not be used
(natbib)                with natbib. Use option `sort' instead.

\bibhang=\skip61
\bibsep=\skip62
LaTeX Info: Redefining \cite on input line 694.
LaTeX Info: Redefining \citenum on input line 708.
\c@NAT@ctr=\count284
) (C:\Program Files\MiKTeX\tex/latex/tools\tabularx.sty
Package: tabularx 2020/01/15 v2.11c `tabularx' package (DPC)
 (C:\Program Files\MiKTeX\tex/latex/tools\array.sty
Package: array 2022/09/04 v2.5g Tabular extension package (FMi)
\col@sep=\dimen157
\ar@mcellbox=\box53
\extrarowheight=\dimen158
\NC@list=\toks23
\extratabsurround=\skip63
\backup@length=\skip64
\ar@cellbox=\box54
)
\TX@col@width=\dimen159
\TX@old@table=\dimen160
\TX@old@col=\dimen161
\TX@target=\dimen162
\TX@delta=\dimen163
\TX@cols=\count285
\TX@ftn=\toks24
) (main.aux
LaTeX Info: Redefining \. on input line 22.
LaTeX Info: Redefining \% on input line 22.


LaTeX Warning: Label `fig:ejemplo_gantt' multiply defined.


LaTeX Warning: Label `fig:ejemplo_gantt' multiply defined.


LaTeX Warning: Label `fig:ejemplo_gantt' multiply defined.

)
\openout1 = `main.aux'.

LaTeX Font Info:    Checking defaults for OML/cmm/m/it on input line 44.
LaTeX Font Info:    ... okay on input line 44.
LaTeX Font Info:    Checking defaults for OMS/cmsy/m/n on input line 44.
LaTeX Font Info:    ... okay on input line 44.
LaTeX Font Info:    Checking defaults for OT1/cmr/m/n on input line 44.
LaTeX Font Info:    ... okay on input line 44.
LaTeX Font Info:    Checking defaults for T1/cmr/m/n on input line 44.
LaTeX Font Info:    ... okay on input line 44.
LaTeX Font Info:    Checking defaults for TS1/cmr/m/n on input line 44.
LaTeX Font Info:    ... okay on input line 44.
LaTeX Font Info:    Checking defaults for OMX/cmex/m/n on input line 44.
LaTeX Font Info:    ... okay on input line 44.
LaTeX Font Info:    Checking defaults for U/cmr/m/n on input line 44.
LaTeX Font Info:    ... okay on input line 44.
LaTeX Font Info:    Checking defaults for PD1/pdf/m/n on input line 44.
LaTeX Font Info:    ... okay on input line 44.
LaTeX Font Info:    Checking defaults for PU/pdf/m/n on input line 44.
LaTeX Font Info:    ... okay on input line 44.
LaTeX Info: Redefining \. on input line 44.
LaTeX Info: Redefining \% on input line 44.
 (C:\Program Files\MiKTeX\tex/context/base/mkii\supp-pdf.mkii
[Loading MPS to PDF converter (version 2006.09.02).]
\scratchcounter=\count286
\scratchdimen=\dimen164
\scratchbox=\box55
\nofMPsegments=\count287
\nofMParguments=\count288
\everyMPshowfont=\toks25
\MPscratchCnt=\count289
\MPscratchDim=\dimen165
\MPnumerator=\count290
\makeMPintoPDFobject=\count291
\everyMPtoPDFconversion=\toks26
) (C:\Program Files\MiKTeX\tex/latex/epstopdf-pkg\epstopdf-base.sty
Package: epstopdf-base 2020-01-24 v2.11 Base part for package epstopdf
Package epstopdf-base Info: Redefining graphics rule for `.eps' on input line 485.
 (C:\Program Files\MiKTeX\tex/latex/00miktex\epstopdf-sys.cfg
File: epstopdf-sys.cfg 2021/03/18 v2.0 Configuration of epstopdf for MiKTeX
))
*geometry* driver: auto-detecting
*geometry* detected driver: pdftex
*geometry* verbose mode - [ preamble ] result:
* driver: pdftex
* paper: a4paper
* layout: <same size as paper>
* layoutoffset:(h,v)=(0.0pt,0.0pt)
* modes: 
* h-part:(L,W,R)=(99.58464pt, 412.56497pt, 85.35826pt)
* v-part:(T,H,B)=(85.35826pt, 688.5567pt, 71.13188pt)
* \paperwidth=597.50787pt
* \paperheight=845.04684pt
* \textwidth=412.56497pt
* \textheight=688.5567pt
* \oddsidemargin=27.31465pt
* \evensidemargin=27.31465pt
* \topmargin=-68.81723pt
* \headheight=56.9055pt
* \headsep=25.0pt
* \topskip=12.0pt
* \footskip=30.0pt
* \marginparwidth=35.0pt
* \marginparsep=10.0pt
* \columnsep=10.0pt
* \skip\footins=10.8pt plus 4.0pt minus 2.0pt
* \hoffset=0.0pt
* \voffset=0.0pt
* \mag=1000
* \@twocolumnfalse
* \@twosidefalse
* \@mparswitchfalse
* \@reversemarginfalse
* (1in=72.27pt=25.4mm, 1cm=28.453pt)

Package hyperref Info: Link coloring OFF on input line 44.
(main.out) (main.out)
\@outlinefile=\write3
\openout3 = `main.out'.

<imagenes/001-imagen-portada.png, id=159, 373.395pt x 950.80219pt>
File: imagenes/001-imagen-portada.png Graphic file (type png)
<use imagenes/001-imagen-portada.png>
Package pdftex.def Info: imagenes/001-imagen-portada.png  used on input line 56.
(pdftex.def)             Requested size: 165.02661pt x 420.21129pt.
LaTeX Font Info:    External font `cmex10' loaded for size
(Font)              <12> on input line 57.
LaTeX Font Info:    External font `cmex10' loaded for size
(Font)              <8> on input line 57.
LaTeX Font Info:    External font `cmex10' loaded for size
(Font)              <6> on input line 57.

Underfull \hbox (badness 10000) in paragraph at lines 59--74

 []


Underfull \hbox (badness 3977) in paragraph at lines 59--74
\T1/cmr/bx/n/12 Master Uni-ver-si-ta-rio de Ci-ber-
 []


Underfull \hbox (badness 10000) in paragraph at lines 59--74

 []


Underfull \hbox (badness 4181) in paragraph at lines 59--74
\T1/cmr/bx/n/12 M1.881 - TFM - An·-li-sis fo-
 []


Underfull \hbox (badness 10000) in paragraph at lines 59--74

 []


Underfull \hbox (badness 10000) in paragraph at lines 59--74

 []


Underfull \hbox (badness 10000) in paragraph at lines 59--74

 []


Overfull \hbox (20.2353pt too wide) in paragraph at lines 55--75
[]$[]$ $[]$ 
 []

[1

{C:/Users/jrodg85/AppData/Local/MiKTeX/fonts/map/pdftex/pdftex.map} <./imagenes/001-imagen-portada.png>] (chapter/000-deuda-tecnica/000-deuda-tecnica.tex)
<imagenes/002-imagen-cabecera.png, id=167, 1490.56876pt x 104.64093pt>
File: imagenes/002-imagen-cabecera.png Graphic file (type png)
<use imagenes/002-imagen-cabecera.png>
Package pdftex.def Info: imagenes/002-imagen-cabecera.png  used on input line 90.
(pdftex.def)             Requested size: 412.55737pt x 28.96234pt.

pdfTeX warning (ext4): destination with the same identifier (name{page.I}) has been already used, duplicate ignored
<to be read again> 
                   \relax 
l.90 \clearpage
                [1


 <./imagenes/002-imagen-cabecera.png>] (chapter/001-agradecimientos/001-agradecimientos.tex)
File: imagenes/002-imagen-cabecera.png Graphic file (type png)
<use imagenes/002-imagen-cabecera.png>
Package pdftex.def Info: imagenes/002-imagen-cabecera.png  used on input line 96.
(pdftex.def)             Requested size: 412.55737pt x 28.96234pt.
 [2


] (main.toc
LaTeX Info: Redefining \. on input line 1.
LaTeX Info: Redefining \% on input line 1.
File: imagenes/002-imagen-cabecera.png Graphic file (type png)
<use imagenes/002-imagen-cabecera.png>
Package pdftex.def Info: imagenes/002-imagen-cabecera.png  used on input line 35.
(pdftex.def)             Requested size: 412.55737pt x 28.96234pt.
 [3


])
\tf@toc=\write4
\openout4 = `main.toc'.

File: imagenes/002-imagen-cabecera.png Graphic file (type png)
<use imagenes/002-imagen-cabecera.png>
Package pdftex.def Info: imagenes/002-imagen-cabecera.png  used on input line 100.
(pdftex.def)             Requested size: 412.55737pt x 28.96234pt.
 [4]
Cap\'{\i }tulo 1.
(chapter/002-plan-de-trabajo/002-plan-de-trabajo.tex.)
Overfull \hbox (8.43027pt too wide) in paragraph at lines 5--105
[]\T1/cmr/bx/n/12 DEUDA T…C-NI-CA: Pen-dien-te de Re-fe-ren-ciar!!! ENUN-CIA-DO TFM[]
 []


Underfull \hbox (badness 10000) in paragraph at lines 5--105

 []

File: imagenes/002-imagen-cabecera.png Graphic file (type png)
<use imagenes/002-imagen-cabecera.png>
Package pdftex.def Info: imagenes/002-imagen-cabecera.png  used on input line 105.
(pdftex.def)             Requested size: 412.55737pt x 28.96234pt.
[1

] (chapter/002-plan-de-trabajo/sections/002-01-problema-a-resolver.tex)
File: imagenes/002-imagen-cabecera.png Graphic file (type png)
<use imagenes/002-imagen-cabecera.png>
Package pdftex.def Info: imagenes/002-imagen-cabecera.png  used on input line 109.
(pdftex.def)             Requested size: 412.55737pt x 28.96234pt.
 [2

] (chapter/002-plan-de-trabajo/sections/002-02-objetivos.tex
File: imagenes/002-imagen-cabecera.png Graphic file (type png)
<use imagenes/002-imagen-cabecera.png>
Package pdftex.def Info: imagenes/002-imagen-cabecera.png  used on input line 36.
(pdftex.def)             Requested size: 412.55737pt x 28.96234pt.
 [3

]
File: imagenes/002-imagen-cabecera.png Graphic file (type png)
<use imagenes/002-imagen-cabecera.png>
Package pdftex.def Info: imagenes/002-imagen-cabecera.png  used on input line 65.
(pdftex.def)             Requested size: 412.55737pt x 28.96234pt.
 [4]
File: imagenes/002-imagen-cabecera.png Graphic file (type png)
<use imagenes/002-imagen-cabecera.png>
Package pdftex.def Info: imagenes/002-imagen-cabecera.png  used on input line 90.
(pdftex.def)             Requested size: 412.55737pt x 28.96234pt.
 [5]
Overfull \hbox (8.43027pt too wide) in paragraph at lines 94--95
[]\T1/cmr/bx/n/12 DEUDA T…C-NI-CA: Pen-dien-te de Re-fe-ren-ciar!!! ENUN-CIA-DO TFM[] 
 []

)
File: imagenes/002-imagen-cabecera.png Graphic file (type png)
<use imagenes/002-imagen-cabecera.png>
Package pdftex.def Info: imagenes/002-imagen-cabecera.png  used on input line 113.
(pdftex.def)             Requested size: 412.55737pt x 28.96234pt.
 [6] (chapter/002-plan-de-trabajo/sections/002-03-descripci√≥n-del-entorno-de-trabajo.tex)
File: imagenes/002-imagen-cabecera.png Graphic file (type png)
<use imagenes/002-imagen-cabecera.png>
Package pdftex.def Info: imagenes/002-imagen-cabecera.png  used on input line 117.
(pdftex.def)             Requested size: 412.55737pt x 28.96234pt.
 [7

] (chapter/002-plan-de-trabajo/sections/002-04-listado-de-tareas.tex
File: imagenes/002-imagen-cabecera.png Graphic file (type png)
<use imagenes/002-imagen-cabecera.png>
Package pdftex.def Info: imagenes/002-imagen-cabecera.png  used on input line 39.
(pdftex.def)             Requested size: 412.55737pt x 28.96234pt.
 [8

])
File: imagenes/002-imagen-cabecera.png Graphic file (type png)
<use imagenes/002-imagen-cabecera.png>
Package pdftex.def Info: imagenes/002-imagen-cabecera.png  used on input line 121.
(pdftex.def)             Requested size: 412.55737pt x 28.96234pt.
 [9] (chapter/002-plan-de-trabajo/sections/002-05-planificacion-temporal-de-las-tareas.tex
<imagenes/003-diagrama-de-gantt-pec-01.png, id=393, 412.54124pt x 232.61906pt>
File: imagenes/003-diagrama-de-gantt-pec-01.png Graphic file (type png)
<use imagenes/003-diagrama-de-gantt-pec-01.png>
Package pdftex.def Info: imagenes/003-diagrama-de-gantt-pec-01.png  used on input line 7.
(pdftex.def)             Requested size: 330.05322pt x 186.10968pt.
File: imagenes/002-imagen-cabecera.png Graphic file (type png)
<use imagenes/002-imagen-cabecera.png>
Package pdftex.def Info: imagenes/002-imagen-cabecera.png  used on input line 12.
(pdftex.def)             Requested size: 412.55737pt x 28.96234pt.
 [10

 <./imagenes/003-diagrama-de-gantt-pec-01.png>]
<imagenes/004-diagrama-de-gantt-pec-02.png, id=399, 673.76718pt x 439.6425pt>
File: imagenes/004-diagrama-de-gantt-pec-02.png Graphic file (type png)
<use imagenes/004-diagrama-de-gantt-pec-02.png>
Package pdftex.def Info: imagenes/004-diagrama-de-gantt-pec-02.png  used on input line 18.
(pdftex.def)             Requested size: 330.05322pt x 215.36633pt.
File: imagenes/002-imagen-cabecera.png Graphic file (type png)
<use imagenes/002-imagen-cabecera.png>
Package pdftex.def Info: imagenes/002-imagen-cabecera.png  used on input line 23.
(pdftex.def)             Requested size: 412.55737pt x 28.96234pt.
 [11

 <./imagenes/004-diagrama-de-gantt-pec-02.png>]
<imagenes/005-diagrama-de-gantt-pec-03.png, id=405, 569.12625pt x 343.2825pt>
File: imagenes/005-diagrama-de-gantt-pec-03.png Graphic file (type png)
<use imagenes/005-diagrama-de-gantt-pec-03.png>
Package pdftex.def Info: imagenes/005-diagrama-de-gantt-pec-03.png  used on input line 29.
(pdftex.def)             Requested size: 330.05322pt x 199.08826pt.
File: imagenes/002-imagen-cabecera.png Graphic file (type png)
<use imagenes/002-imagen-cabecera.png>
Package pdftex.def Info: imagenes/002-imagen-cabecera.png  used on input line 35.
(pdftex.def)             Requested size: 412.55737pt x 28.96234pt.
 [12

 <./imagenes/005-diagrama-de-gantt-pec-03.png>]
<imagenes/006-diagrama-de-gantt-pec-04.png, id=411, 587.94656pt x 197.98969pt>
File: imagenes/006-diagrama-de-gantt-pec-04.png Graphic file (type png)
<use imagenes/006-diagrama-de-gantt-pec-04.png>
Package pdftex.def Info: imagenes/006-diagrama-de-gantt-pec-04.png  used on input line 41.
(pdftex.def)             Requested size: 330.05322pt x 111.14536pt.
)
File: imagenes/002-imagen-cabecera.png Graphic file (type png)
<use imagenes/002-imagen-cabecera.png>
Package pdftex.def Info: imagenes/002-imagen-cabecera.png  used on input line 125.
(pdftex.def)             Requested size: 412.55737pt x 28.96234pt.
 [13

 <./imagenes/006-diagrama-de-gantt-pec-04.png>] (chapter/002-plan-de-trabajo/sections/002-06-revision-del-estado-del-arte-de-la-informatica-forense.tex

Package hyperref Warning: Token not allowed in a PDF string (Unicode):
(hyperref)                removing `\@ifnextchar' on input line 1.

File: imagenes/002-imagen-cabecera.png Graphic file (type png)
<use imagenes/002-imagen-cabecera.png>
Package pdftex.def Info: imagenes/002-imagen-cabecera.png  used on input line 27.
(pdftex.def)             Requested size: 412.55737pt x 28.96234pt.
[14

]
File: imagenes/002-imagen-cabecera.png Graphic file (type png)
<use imagenes/002-imagen-cabecera.png>
Package pdftex.def Info: imagenes/002-imagen-cabecera.png  used on input line 73.
(pdftex.def)             Requested size: 412.55737pt x 28.96234pt.
 [15]
File: imagenes/002-imagen-cabecera.png Graphic file (type png)
<use imagenes/002-imagen-cabecera.png>
Package pdftex.def Info: imagenes/002-imagen-cabecera.png  used on input line 128.
(pdftex.def)             Requested size: 412.55737pt x 28.96234pt.
 [16]
File: imagenes/002-imagen-cabecera.png Graphic file (type png)
<use imagenes/002-imagen-cabecera.png>
Package pdftex.def Info: imagenes/002-imagen-cabecera.png  used on input line 142.
(pdftex.def)             Requested size: 412.55737pt x 28.96234pt.
 [17]
File: imagenes/002-imagen-cabecera.png Graphic file (type png)
<use imagenes/002-imagen-cabecera.png>
Package pdftex.def Info: imagenes/002-imagen-cabecera.png  used on input line 164.
(pdftex.def)             Requested size: 412.55737pt x 28.96234pt.
 [18]
File: imagenes/002-imagen-cabecera.png Graphic file (type png)
<use imagenes/002-imagen-cabecera.png>
Package pdftex.def Info: imagenes/002-imagen-cabecera.png  used on input line 192.
(pdftex.def)             Requested size: 412.55737pt x 28.96234pt.
 [19]
Overfull \hbox (46.15329pt too wide) in paragraph at lines 221--235
 [][] 
 []


LaTeX Warning: `!h' float specifier changed to `!ht'.

File: imagenes/002-imagen-cabecera.png Graphic file (type png)
<use imagenes/002-imagen-cabecera.png>
Package pdftex.def Info: imagenes/002-imagen-cabecera.png  used on input line 240.
(pdftex.def)             Requested size: 412.55737pt x 28.96234pt.
[20]
LaTeX Font Info:    Trying to load font information for T1+cmtt on input line 242.
 (C:\Program Files\MiKTeX\tex/latex/base\t1cmtt.fd
File: t1cmtt.fd 2023/04/13 v2.5m Standard LaTeX font definitions
)
Overfull \hbox (86.48557pt too wide) in paragraph at lines 246--247
[]\T1/cmr/m/n/12 Forensik Tool-kit: []$\T1/cmtt/m/n/12 https : / / accessdata . com / products-[]services / forensic-[]toolkit-[]ftk$[]\T1/cmr/m/n/12 . 
 []


Overfull \hbox (0.30766pt too wide) in paragraph at lines 263--264
[]\T1/cmr/m/n/12 Sleuth Kit (Fo-ren-sics Kit. Com-mand Li-ne): []$\T1/cmtt/m/n/12 https : / / www . sleuthkit . org/$[]\T1/cmr/m/n/12 . 
 []

File: imagenes/002-imagen-cabecera.png Graphic file (type png)
<use imagenes/002-imagen-cabecera.png>
Package pdftex.def Info: imagenes/002-imagen-cabecera.png  used on input line 264.
(pdftex.def)             Requested size: 412.55737pt x 28.96234pt.
[21]
File: imagenes/002-imagen-cabecera.png Graphic file (type png)
<use imagenes/002-imagen-cabecera.png>
Package pdftex.def Info: imagenes/002-imagen-cabecera.png  used on input line 317.
(pdftex.def)             Requested size: 412.55737pt x 28.96234pt.
 [22])
File: imagenes/002-imagen-cabecera.png Graphic file (type png)
<use imagenes/002-imagen-cabecera.png>
Package pdftex.def Info: imagenes/002-imagen-cabecera.png  used on input line 129.
(pdftex.def)             Requested size: 412.55737pt x 28.96234pt.
 [23]
Cap\'{\i }tulo 2.
(chapter/003-extremos-del-analisis-y-prevision-de-pruebas-tecnicas/003-extremos-del-analisis-y-prevision-de-pruebas-tecnicas.tex)
File: imagenes/002-imagen-cabecera.png Graphic file (type png)
<use imagenes/002-imagen-cabecera.png>
Package pdftex.def Info: imagenes/002-imagen-cabecera.png  used on input line 133.
(pdftex.def)             Requested size: 412.55737pt x 28.96234pt.
 [24


]
File: imagenes/002-imagen-cabecera.png Graphic file (type png)
<use imagenes/002-imagen-cabecera.png>
Package pdftex.def Info: imagenes/002-imagen-cabecera.png  used on input line 133.
(pdftex.def)             Requested size: 412.55737pt x 28.96234pt.
 [25] (chapter/003-extremos-del-analisis-y-prevision-de-pruebas-tecnicas/sections/003-01-propuesta-de-extremos.tex)
File: imagenes/002-imagen-cabecera.png Graphic file (type png)
<use imagenes/002-imagen-cabecera.png>
Package pdftex.def Info: imagenes/002-imagen-cabecera.png  used on input line 137.
(pdftex.def)             Requested size: 412.55737pt x 28.96234pt.
 [26

] (chapter/003-extremos-del-analisis-y-prevision-de-pruebas-tecnicas/sections/003-02-prevision-de-pruebas-tecnicas.tex)
File: imagenes/002-imagen-cabecera.png Graphic file (type png)
<use imagenes/002-imagen-cabecera.png>
Package pdftex.def Info: imagenes/002-imagen-cabecera.png  used on input line 141.
(pdftex.def)             Requested size: 412.55737pt x 28.96234pt.
 [27

]
Cap\'{\i }tulo 3.
(chapter/004-analisis-de-la-memoria-ram/004-analisis-de-la-memoria-ram.tex)
File: imagenes/002-imagen-cabecera.png Graphic file (type png)
<use imagenes/002-imagen-cabecera.png>
Package pdftex.def Info: imagenes/002-imagen-cabecera.png  used on input line 145.
(pdftex.def)             Requested size: 412.55737pt x 28.96234pt.
 [28


] (chapter/004-analisis-de-la-memoria-ram/sections/004-01-acciones-previas-al-analisis-de-ram.tex)
File: imagenes/002-imagen-cabecera.png Graphic file (type png)
<use imagenes/002-imagen-cabecera.png>
Package pdftex.def Info: imagenes/002-imagen-cabecera.png  used on input line 149.
(pdftex.def)             Requested size: 412.55737pt x 28.96234pt.
 [29

] (chapter/004-analisis-de-la-memoria-ram/sections/004-02-datos-de-interes-de-la-memoria-ram.tex)
File: imagenes/002-imagen-cabecera.png Graphic file (type png)
<use imagenes/002-imagen-cabecera.png>
Package pdftex.def Info: imagenes/002-imagen-cabecera.png  used on input line 153.
(pdftex.def)             Requested size: 412.55737pt x 28.96234pt.
 [30

] (chapter/004-analisis-de-la-memoria-ram/sections/004-03-sistema-operativo-de-la-memoria-RAM-analizada.tex)
File: imagenes/002-imagen-cabecera.png Graphic file (type png)
<use imagenes/002-imagen-cabecera.png>
Package pdftex.def Info: imagenes/002-imagen-cabecera.png  used on input line 157.
(pdftex.def)             Requested size: 412.55737pt x 28.96234pt.
 [31

] (chapter/004-analisis-de-la-memoria-ram/sections/004-04-busqueda-de-procesos-en-funcionamiento-de-inter√©s-para-el-an√°lisis.tex)
File: imagenes/002-imagen-cabecera.png Graphic file (type png)
<use imagenes/002-imagen-cabecera.png>
Package pdftex.def Info: imagenes/002-imagen-cabecera.png  used on input line 161.
(pdftex.def)             Requested size: 412.55737pt x 28.96234pt.
 [32

] (chapter/004-analisis-de-la-memoria-ram/sections/004-05-Analisis-y-extraccion-de-procesos-sospechosos.tex)
File: imagenes/002-imagen-cabecera.png Graphic file (type png)
<use imagenes/002-imagen-cabecera.png>
Package pdftex.def Info: imagenes/002-imagen-cabecera.png  used on input line 165.
(pdftex.def)             Requested size: 412.55737pt x 28.96234pt.
 [33

] (chapter/004-analisis-de-la-memoria-ram/sections/004-06-listado-de-conexiones-de-red-y-conexiones-sospechosas.tex)
File: imagenes/002-imagen-cabecera.png Graphic file (type png)
<use imagenes/002-imagen-cabecera.png>
Package pdftex.def Info: imagenes/002-imagen-cabecera.png  used on input line 169.
(pdftex.def)             Requested size: 412.55737pt x 28.96234pt.
 [34

]
Cap\'{\i }tulo 4.
(chapter/005-analisis-de-disco-duro/005-analisis-del-disco-duro.tex)
File: imagenes/002-imagen-cabecera.png Graphic file (type png)
<use imagenes/002-imagen-cabecera.png>
Package pdftex.def Info: imagenes/002-imagen-cabecera.png  used on input line 173.
(pdftex.def)             Requested size: 412.55737pt x 28.96234pt.
 [35


] (chapter/005-analisis-de-disco-duro/sections/005-01-acciones-previas-al-analisis-de-disco-duro.tex)
File: imagenes/002-imagen-cabecera.png Graphic file (type png)
<use imagenes/002-imagen-cabecera.png>
Package pdftex.def Info: imagenes/002-imagen-cabecera.png  used on input line 177.
(pdftex.def)             Requested size: 412.55737pt x 28.96234pt.
 [36

] (chapter/005-analisis-de-disco-duro/sections/005-02-datos-de-interes-del-disco-duro.tex)
File: imagenes/002-imagen-cabecera.png Graphic file (type png)
<use imagenes/002-imagen-cabecera.png>
Package pdftex.def Info: imagenes/002-imagen-cabecera.png  used on input line 181.
(pdftex.def)             Requested size: 412.55737pt x 28.96234pt.
 [37

] (chapter/005-analisis-de-disco-duro/sections/005-03-usuarios-del-sistema.tex)
File: imagenes/002-imagen-cabecera.png Graphic file (type png)
<use imagenes/002-imagen-cabecera.png>
Package pdftex.def Info: imagenes/002-imagen-cabecera.png  used on input line 185.
(pdftex.def)             Requested size: 412.55737pt x 28.96234pt.
 [38

] (chapter/005-analisis-de-disco-duro/sections/005-04-analisis-de-evidencias-del-disco-duro.tex)
File: imagenes/002-imagen-cabecera.png Graphic file (type png)
<use imagenes/002-imagen-cabecera.png>
Package pdftex.def Info: imagenes/002-imagen-cabecera.png  used on input line 189.
(pdftex.def)             Requested size: 412.55737pt x 28.96234pt.
 [39

]
Cap\'{\i }tulo 5.
(chapter/006-resumen-ejecutivo/006-resumen-ejecutivo.tex)
File: imagenes/002-imagen-cabecera.png Graphic file (type png)
<use imagenes/002-imagen-cabecera.png>
Package pdftex.def Info: imagenes/002-imagen-cabecera.png  used on input line 193.
(pdftex.def)             Requested size: 412.55737pt x 28.96234pt.
 [40


]
Cap\'{\i }tulo 6.
(chapter/007-informe-pericial/007-informe-pericial.tex)
File: imagenes/002-imagen-cabecera.png Graphic file (type png)
<use imagenes/002-imagen-cabecera.png>
Package pdftex.def Info: imagenes/002-imagen-cabecera.png  used on input line 197.
(pdftex.def)             Requested size: 412.55737pt x 28.96234pt.
 [41


]
Cap\'{\i }tulo 7.
(chapter/008-conclusiones/008-conclusiones.tex)
File: imagenes/002-imagen-cabecera.png Graphic file (type png)
<use imagenes/002-imagen-cabecera.png>
Package pdftex.def Info: imagenes/002-imagen-cabecera.png  used on input line 201.
(pdftex.def)             Requested size: 412.55737pt x 28.96234pt.
 [42


]
Cap\'{\i }tulo 8.
(chapter/009-anexos/009-anexos.tex)
File: imagenes/002-imagen-cabecera.png Graphic file (type png)
<use imagenes/002-imagen-cabecera.png>
Package pdftex.def Info: imagenes/002-imagen-cabecera.png  used on input line 205.
(pdftex.def)             Requested size: 412.55737pt x 28.96234pt.
 [43


] (chapter/009-anexos/sections/009-01-glosario-de-terminos-abreviaturas-y-acronimos.tex)
File: imagenes/002-imagen-cabecera.png Graphic file (type png)
<use imagenes/002-imagen-cabecera.png>
Package pdftex.def Info: imagenes/002-imagen-cabecera.png  used on input line 209.
(pdftex.def)             Requested size: 412.55737pt x 28.96234pt.
 [44

] (chapter/009-anexos/sections/009-02-imagenes.tex)
File: imagenes/002-imagen-cabecera.png Graphic file (type png)
<use imagenes/002-imagen-cabecera.png>
Package pdftex.def Info: imagenes/002-imagen-cabecera.png  used on input line 213.
(pdftex.def)             Requested size: 412.55737pt x 28.96234pt.
 [45

]
No file main.bbl.
(main.aux
LaTeX Info: Redefining \. on input line 22.
LaTeX Info: Redefining \% on input line 22.
)
 ***********
LaTeX2e <2023-06-01> patch level 1
L3 programming layer <2023-08-29>
 ***********


LaTeX Warning: There were multiply-defined labels.

Package rerunfilecheck Info: File `main.out' has not changed.
(rerunfilecheck)             Checksum: 1705DA64AAB73D5DF9D6D62863A7056D;8552.
 ) 
Here is how much of TeX's memory you used:
 13039 strings out of 475248
 218816 string characters out of 5767622
 1932785 words of memory out of 5000000
 34054 multiletter control sequences out of 15000+600000
 570442 words of font info for 59 fonts, out of 8000000 for 9000
 1141 hyphenation exceptions out of 8191
 79i,16n,93p,1227b,819s stack positions out of 10000i,1000n,20000p,200000b,200000s
 <C:\Users\jrodg85\AppData\Local\MiKTeX\fonts/pk/ljfour/jknappen/ec/dpi600\ecrm0800.pk> <C:\Users\jrodg85\AppData\Local\MiKTeX\fonts/pk/ljfour/jknappen/ec/dpi600\ectt1200.pk> <C:\Users\jrodg85\AppData\Local\MiKTeX\fonts/pk/ljfour/jknappen/ec/dpi600\tcrm1200.pk> <C:\Users\jrodg85\AppData\Local\MiKTeX\fonts/pk/ljfour/jknappen/ec/dpi600\ecbx1440.pk> <C:\Users\jrodg85\AppData\Local\MiKTeX\fonts/pk/ljfour/jknappen/ec/dpi600\ecti1200.pk> <C:\Users\jrodg85\AppData\Local\MiKTeX\fonts/pk/ljfour/jknappen/ec/dpi600\ecbx1728.pk> <C:\Users\jrodg85\AppData\Local\MiKTeX\fonts/pk/ljfour/jknappen/ec/dpi600\ecxc1200.pk> <C:\Users\jrodg85\AppData\Local\MiKTeX\fonts/pk/ljfour/jknappen/ec/dpi600\eccc1200.pk> <C:\Users\jrodg85\AppData\Local\MiKTeX\fonts/pk/ljfour/jknappen/ec/dpi600\ecrm1200.pk> <C:\Users\jrodg85\AppData\Local\MiKTeX\fonts/pk/ljfour/jknappen/ec/dpi600\ecbx1200.pk> <C:\Users\jrodg85\AppData\Local\MiKTeX\fonts/pk/ljfour/jknappen/ec/dpi600\ecbx2488.pk><C:/Program Files/MiKTeX/fonts/type1/public/amsfonts/cm/cmsy8.pfb>
Output written on main.pdf (50 pages, 424332 bytes).
PDF statistics:
 1007 PDF objects out of 1200 (max. 8388607)
 220 named destinations out of 1000 (max. 500000)
 343 words of extra memory for PDF output out of 10000 (max. 10000000)

