\BOOKMARK [0][-]{Doc-Start}{\376\377\000D\000e\000u\000d\000a\000\040\000t\000\351\000c\000n\000i\000c\000a}{}% 1
\BOOKMARK [0][-]{Item.7}{\376\377\000A\000g\000r\000a\000d\000e\000c\000i\000m\000i\000e\000n\000t\000o\000s}{}% 2
\BOOKMARK [0][-]{chapter.1}{\376\377\000P\000l\000a\000n\000\040\000d\000e\000\040\000t\000r\000a\000b\000a\000j\000o\000.}{}% 3
\BOOKMARK [1][-]{section.1.1}{\376\377\000P\000r\000o\000b\000l\000e\000m\000a\000\040\000a\000\040\000r\000e\000s\000o\000l\000v\000e\000r\000.}{chapter.1}% 4
\BOOKMARK [1][-]{section.1.2}{\376\377\000O\000b\000j\000e\000t\000i\000v\000o\000s\000.}{chapter.1}% 5
\BOOKMARK [1][-]{section.1.3}{\376\377\000D\000e\000s\000c\000r\000i\000p\000c\000i\000\363\000n\000\040\000d\000e\000l\000\040\000e\000n\000t\000o\000r\000n\000o\000\040\000d\000e\000\040\000t\000r\000a\000b\000a\000j\000o\000.}{chapter.1}% 6
\BOOKMARK [1][-]{section.1.4}{\376\377\000L\000i\000s\000t\000a\000d\000o\000\040\000d\000e\000\040\000t\000a\000r\000e\000a\000s\000.}{chapter.1}% 7
\BOOKMARK [1][-]{section.1.5}{\376\377\000P\000l\000a\000n\000i\000f\000i\000c\000a\000c\000i\000\363\000n\000\040\000t\000e\000m\000p\000o\000r\000a\000l\000\040\000d\000e\000\040\000l\000a\000s\000\040\000t\000a\000r\000e\000a\000s\000.}{chapter.1}% 8
\BOOKMARK [1][-]{section.1.6}{\376\377\000R\000e\000v\000i\000s\000i\000\363\000n\000\040\000d\000e\000l\000\040\000e\000s\000t\000a\000d\000o\000\040\000d\000e\000l\000\040\000a\000r\000t\000e\000\040\000d\000e\000\040\000l\000a\000\040\000i\000n\000f\000o\000r\000m\000\341\000t\000i\000c\000a\000\040\000f\000o\000r\000e\000n\000s\000e\000.}{chapter.1}% 9
\BOOKMARK [2][-]{subsection.1.6.1}{\376\377\000r\000e\000d\000D\000E\000U\000D\000A\000\040\000T\000\311\000C\000N\000I\000C\000A\000:\000\040\000R\000e\000v\000i\000s\000a\000r\000\040\000c\000o\000d\000i\000g\000o\000\040\000L\000a\000T\000e\000X\000\040\000d\000e\000\040\000E\000s\000t\000a\000d\000o\000\040\000d\000e\000l\000\040\000a\000r\000t\000e}{section.1.6}% 10
\BOOKMARK [2][-]{subsection.1.6.2}{\376\377\000I\000n\000t\000r\000o\000d\000u\000c\000c\000i\000\363\000n}{section.1.6}% 11
\BOOKMARK [2][-]{subsection.1.6.3}{\376\377\000D\000e\000f\000i\000c\000i\000n\000i\000c\000i\000o\000n\000e\000s\000.}{section.1.6}% 12
\BOOKMARK [2][-]{subsection.1.6.4}{\376\377\000O\000b\000j\000e\000t\000i\000v\000o\000s\000\040\000d\000e\000\040\000l\000a\000\040\000i\000n\000f\000o\000r\000m\000\341\000t\000i\000c\000a\000\040\000f\000o\000r\000e\000n\000s\000e\000.}{section.1.6}% 13
\BOOKMARK [2][-]{subsection.1.6.5}{\376\377\000E\000v\000i\000d\000e\000n\000c\000i\000a\000\040\000d\000i\000g\000i\000t\000a\000l\000.}{section.1.6}% 14
\BOOKMARK [2][-]{subsection.1.6.6}{\376\377\000P\000e\000r\000s\000p\000e\000c\000t\000i\000v\000a\000\040\000d\000e\000\040\000t\000r\000e\000s\000\040\000r\000o\000l\000e\000s\000.}{section.1.6}% 15
\BOOKMARK [2][-]{subsection.1.6.7}{\376\377\000P\000a\000s\000o\000s\000\040\000d\000e\000l\000\040\000p\000r\000o\000c\000e\000s\000o\000\040\000d\000e\000l\000\040\000c\000\363\000m\000p\000u\000t\000o\000\040\000f\000o\000r\000e\000n\000s\000e\000.}{section.1.6}% 16
\BOOKMARK [2][-]{subsection.1.6.8}{\376\377\000R\000e\000t\000o\000s\000\040\000y\000\040\000r\000i\000e\000s\000g\000o\000s\000\040\000e\000n\000\040\000e\000l\000\040\000c\000\363\000m\000p\000u\000t\000o\000\040\000f\000o\000r\000e\000n\000s\000e\000.}{section.1.6}% 17
\BOOKMARK [2][-]{subsection.1.6.9}{\376\377\000H\000e\000r\000r\000a\000m\000i\000e\000n\000t\000a\000s\000\040\000d\000e\000\040\000A\000n\000a\000l\000i\000s\000i\000s\000\040\000F\000o\000r\000e\000n\000s\000e\000.}{section.1.6}% 18
\BOOKMARK [0][-]{chapter.2}{\376\377\000E\000x\000t\000r\000e\000m\000o\000s\000\040\000d\000e\000l\000\040\000a\000n\000\341\000l\000i\000s\000i\000s\000\040\000y\000\040\000p\000r\000e\000v\000i\000s\000i\000\363\000n\000\040\000d\000e\000\040\000p\000r\000u\000e\000b\000a\000s\000\040\000t\000\351\000c\000n\000i\000c\000a\000s\000.}{}% 19
\BOOKMARK [1][-]{section.2.1}{\376\377\000P\000r\000o\000p\000u\000e\000s\000t\000a\000\040\000d\000e\000\040\000e\000x\000t\000r\000e\000m\000o\000s\000.}{chapter.2}% 20
\BOOKMARK [1][-]{section.2.2}{\376\377\000P\000r\000e\000v\000i\000s\000i\000\363\000n\000\040\000d\000e\000\040\000p\000r\000u\000e\000b\000a\000s\000\040\000t\000\351\000c\000n\000i\000c\000a\000s\000.}{chapter.2}% 21
\BOOKMARK [0][-]{chapter.3}{\376\377\000A\000n\000\341\000l\000i\000s\000i\000s\000\040\000d\000e\000\040\000l\000a\000\040\000m\000e\000m\000o\000r\000i\000a\000\040\000R\000A\000M\000.}{}% 22
\BOOKMARK [1][-]{section.3.1}{\376\377\000A\000c\000c\000i\000o\000n\000e\000s\000\040\000p\000r\000e\000v\000i\000a\000s\000\040\000a\000l\000\040\000a\000n\000\341\000l\000i\000s\000i\000s\000\040\000d\000e\000\040\000l\000a\000\040\000m\000e\000m\000o\000r\000i\000a\000\040\000R\000A\000M\000.}{chapter.3}% 23
\BOOKMARK [1][-]{section.3.2}{\376\377\000D\000a\000t\000o\000s\000\040\000d\000e\000\040\000i\000n\000t\000e\000r\000\351\000s\000\040\000d\000e\000\040\000l\000a\000\040\000c\000a\000p\000t\000u\000r\000a\000\040\000d\000e\000\040\000l\000a\000\040\000m\000e\000m\000o\000r\000i\000a\000\040\000R\000A\000M\000.}{chapter.3}% 24
\BOOKMARK [1][-]{section.3.3}{\376\377\000S\000i\000s\000t\000e\000m\000a\000\040\000O\000p\000e\000r\000a\000t\000i\000v\000o\000\040\000d\000e\000\040\000l\000a\000\040\000m\000e\000m\000o\000r\000i\000a\000\040\000R\000A\000M\000\040\000a\000n\000a\000l\000i\000z\000a\000d\000a\000.}{chapter.3}% 25
\BOOKMARK [1][-]{section.3.4}{\376\377\000B\000u\000s\000q\000u\000e\000d\000a\000\040\000d\000e\000\040\000p\000r\000o\000c\000e\000s\000o\000s\000\040\000e\000n\000\040\000f\000u\000n\000c\000i\000o\000n\000a\000m\000i\000e\000n\000t\000o\000\040\000d\000e\000\040\000i\000n\000t\000e\000r\000\351\000s\000\040\000p\000a\000r\000a\000\040\000e\000l\000\040\000a\000n\000\341\000l\000i\000s\000i\000s\000.}{chapter.3}% 26
\BOOKMARK [1][-]{section.3.5}{\376\377\000A\000n\000\341\000l\000i\000s\000i\000s\000\040\000y\000\040\000e\000x\000t\000r\000a\000c\000c\000i\000\363\000n\000\040\000d\000e\000\040\000p\000r\000o\000c\000e\000s\000o\000s\000\040\000s\000o\000s\000p\000e\000c\000h\000o\000s\000o\000s\000.}{chapter.3}% 27
\BOOKMARK [1][-]{section.3.6}{\376\377\000L\000i\000s\000t\000a\000d\000o\000\040\000d\000e\000\040\000c\000o\000n\000e\000x\000i\000o\000n\000e\000s\000\040\000d\000e\000\040\000r\000e\000d\000\040\000y\000\040\000c\000o\000n\000e\000x\000i\000o\000n\000e\000s\000\040\000s\000o\000s\000p\000e\000c\000h\000o\000s\000a\000s\000.}{chapter.3}% 28
\BOOKMARK [0][-]{chapter.4}{\376\377\000A\000n\000\341\000l\000i\000s\000i\000s\000\040\000d\000e\000l\000\040\000d\000i\000s\000c\000o\000\040\000d\000u\000r\000o\000.}{}% 29
\BOOKMARK [1][-]{section.4.1}{\376\377\000A\000c\000c\000i\000o\000n\000e\000s\000\040\000p\000r\000e\000v\000i\000a\000s\000\040\000a\000l\000\040\000a\000n\000\341\000l\000i\000s\000i\000s\000\040\000d\000e\000l\000\040\000d\000i\000s\000c\000o\000\040\000d\000u\000r\000o\000.}{chapter.4}% 30
\BOOKMARK [1][-]{section.4.2}{\376\377\000D\000a\000t\000o\000s\000\040\000d\000e\000\040\000i\000n\000t\000e\000r\000\351\000s\000\040\000d\000e\000l\000\040\000d\000i\000s\000c\000o\000\040\000d\000u\000r\000o\000.}{chapter.4}% 31
\BOOKMARK [1][-]{section.4.3}{\376\377\000U\000s\000u\000a\000r\000i\000o\000s\000\040\000d\000e\000l\000\040\000s\000i\000s\000t\000e\000m\000a\000.}{chapter.4}% 32
\BOOKMARK [1][-]{section.4.4}{\376\377\000A\000n\000\341\000l\000i\000s\000i\000s\000\040\000d\000e\000\040\000e\000v\000i\000d\000e\000n\000c\000i\000a\000s\000\040\000d\000e\000l\000\040\000d\000i\000s\000c\000o\000\040\000d\000u\000r\000o\000.}{chapter.4}% 33
\BOOKMARK [0][-]{chapter.5}{\376\377\000R\000e\000s\000u\000m\000e\000n\000\040\000e\000j\000e\000c\000u\000t\000i\000v\000o\000.}{}% 34
\BOOKMARK [0][-]{chapter.6}{\376\377\000I\000n\000f\000o\000r\000m\000e\000\040\000p\000e\000r\000i\000c\000i\000a\000l\000.}{}% 35
\BOOKMARK [0][-]{chapter.7}{\376\377\000C\000o\000n\000c\000l\000u\000s\000i\000o\000n\000e\000s\000.}{}% 36
\BOOKMARK [0][-]{chapter.8}{\376\377\000A\000n\000e\000x\000o\000s\000.}{}% 37
\BOOKMARK [1][-]{section.8.1}{\376\377\000G\000l\000o\000s\000a\000r\000i\000o\000\040\000d\000e\000\040\000t\000\351\000r\000m\000i\000n\000o\000s\000\040\000y\000\040\000a\000b\000r\000e\000v\000i\000a\000t\000u\000r\000a\000s\000.}{chapter.8}% 38
\BOOKMARK [1][-]{section.8.2}{\376\377\000I\000m\000\341\000g\000e\000n\000e\000s\000.}{chapter.8}% 39
